{"D:\\JuanD\\Documents\\Code\\React\\React De cero a experto\\sec6-gifs-app\\src\\GifsApp.tsx": {"path":"D:\\JuanD\\Documents\\Code\\React\\React De cero a experto\\sec6-gifs-app\\src\\GifsApp.tsx","statementMap":{"0":{"start":{"line":7,"column":23},"end":{"line":30,"column":null}},"1":{"start":{"line":8,"column":66},"end":{"line":8,"column":null}},"2":{"start":{"line":10,"column":4},"end":{"line":27,"column":null}}},"fnMap":{"0":{"name":"(anonymous_0)","decl":{"start":{"line":7,"column":23},"end":{"line":7,"column":null}},"loc":{"start":{"line":7,"column":23},"end":{"line":30,"column":null}},"line":7}},"branchMap":{},"s":{"0":1,"1":1,"2":1},"f":{"0":1},"b":{},"meta":{"lastBranch":0,"lastFunction":1,"lastStatement":3,"seen":{"s:7:23:30:Infinity":0,"f:7:23:7:Infinity":0,"s:8:66:8:Infinity":1,"s:10:4:27:Infinity":2}}}
,"D:\\JuanD\\Documents\\Code\\React\\React De cero a experto\\sec6-gifs-app\\src\\counter\\components\\MyCounterApp.tsx": {"path":"D:\\JuanD\\Documents\\Code\\React\\React De cero a experto\\sec6-gifs-app\\src\\counter\\components\\MyCounterApp.tsx","statementMap":{"0":{"start":{"line":3,"column":28},"end":{"line":24,"column":null}},"1":{"start":{"line":4,"column":61},"end":{"line":4,"column":null}},"2":{"start":{"line":7,"column":4},"end":{"line":20,"column":null}}},"fnMap":{"0":{"name":"(anonymous_0)","decl":{"start":{"line":3,"column":28},"end":{"line":3,"column":null}},"loc":{"start":{"line":3,"column":28},"end":{"line":24,"column":null}},"line":3}},"branchMap":{},"s":{"0":2,"1":7,"2":7},"f":{"0":7},"b":{},"meta":{"lastBranch":0,"lastFunction":1,"lastStatement":3,"seen":{"s:3:28:24:Infinity":0,"f:3:28:3:Infinity":0,"s:4:61:4:Infinity":1,"s:7:4:20:Infinity":2}}}
,"D:\\JuanD\\Documents\\Code\\React\\React De cero a experto\\sec6-gifs-app\\src\\counter\\hooks\\useCounter.tsx": {"path":"D:\\JuanD\\Documents\\Code\\React\\React De cero a experto\\sec6-gifs-app\\src\\counter\\hooks\\useCounter.tsx","statementMap":{"0":{"start":{"line":4,"column":26},"end":{"line":21,"column":null}},"1":{"start":{"line":5,"column":31},"end":{"line":5,"column":null}},"2":{"start":{"line":7,"column":22},"end":{"line":7,"column":null}},"3":{"start":{"line":7,"column":28},"end":{"line":7,"column":null}},"4":{"start":{"line":9,"column":27},"end":{"line":9,"column":null}},"5":{"start":{"line":9,"column":33},"end":{"line":9,"column":null}},"6":{"start":{"line":9,"column":57},"end":{"line":9,"column":null}},"7":{"start":{"line":10,"column":24},"end":{"line":10,"column":null}},"8":{"start":{"line":10,"column":30},"end":{"line":10,"column":null}},"9":{"start":{"line":12,"column":4},"end":{"line":20,"column":null}}},"fnMap":{"0":{"name":"(anonymous_0)","decl":{"start":{"line":4,"column":26},"end":{"line":4,"column":27}},"loc":{"start":{"line":4,"column":52},"end":{"line":21,"column":null}},"line":4},"1":{"name":"(anonymous_1)","decl":{"start":{"line":7,"column":22},"end":{"line":7,"column":28}},"loc":{"start":{"line":7,"column":28},"end":{"line":7,"column":null}},"line":7},"2":{"name":"(anonymous_2)","decl":{"start":{"line":9,"column":27},"end":{"line":9,"column":33}},"loc":{"start":{"line":9,"column":33},"end":{"line":9,"column":null}},"line":9},"3":{"name":"(anonymous_3)","decl":{"start":{"line":9,"column":44},"end":{"line":9,"column":57}},"loc":{"start":{"line":9,"column":57},"end":{"line":9,"column":null}},"line":9},"4":{"name":"(anonymous_4)","decl":{"start":{"line":10,"column":24},"end":{"line":10,"column":30}},"loc":{"start":{"line":10,"column":30},"end":{"line":10,"column":null}},"line":10}},"branchMap":{"0":{"loc":{"start":{"line":4,"column":27},"end":{"line":4,"column":52}},"type":"default-arg","locations":[{"start":{"line":4,"column":50},"end":{"line":4,"column":52}}],"line":4}},"s":{"0":2,"1":15,"2":15,"3":3,"4":15,"5":7,"6":7,"7":15,"8":1,"9":15},"f":{"0":15,"1":3,"2":7,"3":7,"4":1},"b":{"0":[15]},"meta":{"lastBranch":1,"lastFunction":5,"lastStatement":10,"seen":{"s:4:26:21:Infinity":0,"f:4:26:4:27":0,"b:4:50:4:52":0,"s:5:31:5:Infinity":1,"s:7:22:7:Infinity":2,"f:7:22:7:28":1,"s:7:28:7:Infinity":3,"s:9:27:9:Infinity":4,"f:9:27:9:33":2,"s:9:33:9:Infinity":5,"f:9:44:9:57":3,"s:9:57:9:Infinity":6,"s:10:24:10:Infinity":7,"f:10:24:10:30":4,"s:10:30:10:Infinity":8,"s:12:4:20:Infinity":9}}}
,"D:\\JuanD\\Documents\\Code\\React\\React De cero a experto\\sec6-gifs-app\\src\\gifs\\actions\\get-gifs-by-query.actions.ts": {"path":"D:\\JuanD\\Documents\\Code\\React\\React De cero a experto\\sec6-gifs-app\\src\\gifs\\actions\\get-gifs-by-query.actions.ts","statementMap":{"0":{"start":{"line":6,"column":30},"end":{"line":32,"column":null}},"1":{"start":{"line":8,"column":4},"end":{"line":10,"column":null}},"2":{"start":{"line":9,"column":8},"end":{"line":9,"column":null}},"3":{"start":{"line":12,"column":4},"end":{"line":31,"column":null}},"4":{"start":{"line":13,"column":25},"end":{"line":18,"column":null}},"5":{"start":{"line":21,"column":8},"end":{"line":27,"column":null}},"6":{"start":{"line":21,"column":48},"end":{"line":27,"column":null}},"7":{"start":{"line":29,"column":8},"end":{"line":29,"column":null}},"8":{"start":{"line":30,"column":8},"end":{"line":30,"column":null}}},"fnMap":{"0":{"name":"(anonymous_0)","decl":{"start":{"line":6,"column":30},"end":{"line":6,"column":37}},"loc":{"start":{"line":6,"column":37},"end":{"line":32,"column":null}},"line":6},"1":{"name":"(anonymous_1)","decl":{"start":{"line":21,"column":38},"end":{"line":21,"column":39}},"loc":{"start":{"line":21,"column":48},"end":{"line":27,"column":null}},"line":21}},"branchMap":{"0":{"loc":{"start":{"line":8,"column":4},"end":{"line":10,"column":null}},"type":"if","locations":[{"start":{"line":8,"column":4},"end":{"line":10,"column":null}},{"start":{},"end":{}}],"line":8}},"s":{"0":3,"1":6,"2":1,"3":5,"4":5,"5":4,"6":200,"7":1,"8":1},"f":{"0":6,"1":200},"b":{"0":[1,5]},"meta":{"lastBranch":1,"lastFunction":2,"lastStatement":9,"seen":{"s:6:30:32:Infinity":0,"f:6:30:6:37":0,"b:8:4:10:Infinity:undefined:undefined:undefined:undefined":0,"s:8:4:10:Infinity":1,"s:9:8:9:Infinity":2,"s:12:4:31:Infinity":3,"s:13:25:18:Infinity":4,"s:21:8:27:Infinity":5,"f:21:38:21:39":1,"s:21:48:27:Infinity":6,"s:29:8:29:Infinity":7,"s:30:8:30:Infinity":8}}}
,"D:\\JuanD\\Documents\\Code\\React\\React De cero a experto\\sec6-gifs-app\\src\\gifs\\api\\giphy.api.ts": {"path":"D:\\JuanD\\Documents\\Code\\React\\React De cero a experto\\sec6-gifs-app\\src\\gifs\\api\\giphy.api.ts","statementMap":{"0":{"start":{"line":3,"column":24},"end":{"line":9,"column":null}}},"fnMap":{},"branchMap":{},"s":{"0":4},"f":{},"b":{},"meta":{"lastBranch":0,"lastFunction":0,"lastStatement":1,"seen":{"s:3:24:9:Infinity":0}}}
,"D:\\JuanD\\Documents\\Code\\React\\React De cero a experto\\sec6-gifs-app\\src\\gifs\\components\\GifList.tsx": {"path":"D:\\JuanD\\Documents\\Code\\React\\React De cero a experto\\sec6-gifs-app\\src\\gifs\\components\\GifList.tsx","statementMap":{"0":{"start":{"line":9,"column":34},"end":{"line":24,"column":null}},"1":{"start":{"line":11,"column":4},"end":{"line":15,"column":38}},"2":{"start":{"line":14,"column":26},"end":{"line":15,"column":38}}},"fnMap":{"0":{"name":"(anonymous_0)","decl":{"start":{"line":9,"column":34},"end":{"line":9,"column":35}},"loc":{"start":{"line":9,"column":43},"end":{"line":24,"column":null}},"line":9},"1":{"name":"(anonymous_1)","decl":{"start":{"line":14,"column":25},"end":{"line":14,"column":26}},"loc":{"start":{"line":14,"column":26},"end":{"line":15,"column":38}},"line":14}},"branchMap":{},"s":{"0":1,"1":1,"2":0},"f":{"0":1,"1":0},"b":{},"meta":{"lastBranch":0,"lastFunction":2,"lastStatement":3,"seen":{"s:9:34:24:Infinity":0,"f:9:34:9:35":0,"s:11:4:15:38":1,"f:14:25:14:26":1,"s:14:26:15:38":2}}}
,"D:\\JuanD\\Documents\\Code\\React\\React De cero a experto\\sec6-gifs-app\\src\\gifs\\components\\PreviousSearches.tsx": {"path":"D:\\JuanD\\Documents\\Code\\React\\React De cero a experto\\sec6-gifs-app\\src\\gifs\\components\\PreviousSearches.tsx","statementMap":{"0":{"start":{"line":8,"column":43},"end":{"line":40,"column":null}},"1":{"start":{"line":10,"column":25},"end":{"line":22,"column":null}},"2":{"start":{"line":12,"column":8},"end":{"line":21,"column":null}},"3":{"start":{"line":13,"column":12},"end":{"line":13,"column":null}},"4":{"start":{"line":14,"column":12},"end":{"line":20,"column":null}},"5":{"start":{"line":15,"column":17},"end":{"line":15,"column":null}},"6":{"start":{"line":16,"column":19},"end":{"line":20,"column":null}},"7":{"start":{"line":17,"column":17},"end":{"line":17,"column":null}},"8":{"start":{"line":19,"column":16},"end":{"line":19,"column":null}},"9":{"start":{"line":24,"column":4},"end":{"line":30,"column":null}},"10":{"start":{"line":29,"column":34},"end":{"line":30,"column":null}},"11":{"start":{"line":32,"column":45},"end":{"line":32,"column":65}},"12":{"start":{"line":32,"column":65},"end":{"line":32,"column":87}}},"fnMap":{"0":{"name":"(anonymous_0)","decl":{"start":{"line":8,"column":43},"end":{"line":8,"column":44}},"loc":{"start":{"line":8,"column":72},"end":{"line":40,"column":null}},"line":8},"1":{"name":"(anonymous_1)","decl":{"start":{"line":10,"column":25},"end":{"line":10,"column":26}},"loc":{"start":{"line":10,"column":26},"end":{"line":22,"column":null}},"line":10},"2":{"name":"(anonymous_2)","decl":{"start":{"line":29,"column":33},"end":{"line":29,"column":34}},"loc":{"start":{"line":29,"column":34},"end":{"line":30,"column":null}},"line":29},"3":{"name":"(anonymous_3)","decl":{"start":{"line":32,"column":37},"end":{"line":32,"column":45}},"loc":{"start":{"line":32,"column":37},"end":{"line":32,"column":null}},"line":32}},"branchMap":{"0":{"loc":{"start":{"line":12,"column":8},"end":{"line":21,"column":null}},"type":"if","locations":[{"start":{"line":12,"column":8},"end":{"line":21,"column":null}},{"start":{},"end":{}}],"line":12},"1":{"loc":{"start":{"line":14,"column":12},"end":{"line":20,"column":null}},"type":"if","locations":[{"start":{"line":14,"column":12},"end":{"line":20,"column":null}},{"start":{"line":16,"column":19},"end":{"line":20,"column":null}}],"line":14},"2":{"loc":{"start":{"line":16,"column":19},"end":{"line":20,"column":null}},"type":"if","locations":[{"start":{"line":16,"column":19},"end":{"line":20,"column":null}},{"start":{"line":18,"column":19},"end":{"line":20,"column":null}}],"line":16}},"s":{"0":1,"1":1,"2":0,"3":0,"4":0,"5":0,"6":0,"7":0,"8":0,"9":1,"10":0,"11":0,"12":0},"f":{"0":1,"1":0,"2":0,"3":0},"b":{"0":[0,0],"1":[0,0],"2":[0,0]},"meta":{"lastBranch":3,"lastFunction":4,"lastStatement":13,"seen":{"s:8:43:40:Infinity":0,"f:8:43:8:44":0,"s:10:25:22:Infinity":1,"f:10:25:10:26":1,"b:12:8:21:Infinity:undefined:undefined:undefined:undefined":0,"s:12:8:21:Infinity":2,"s:13:12:13:Infinity":3,"b:14:12:20:Infinity:16:19:20:Infinity":1,"s:14:12:20:Infinity":4,"s:15:17:15:Infinity":5,"b:16:19:20:Infinity:18:19:20:Infinity":2,"s:16:19:20:Infinity":6,"s:17:17:17:Infinity":7,"s:19:16:19:Infinity":8,"s:24:4:30:Infinity":9,"f:29:33:29:34":2,"s:29:34:30:Infinity":10,"f:32:37:32:45":3,"s:32:45:32:65":11,"s:32:65:32:87":12}}}
,"D:\\JuanD\\Documents\\Code\\React\\React De cero a experto\\sec6-gifs-app\\src\\gifs\\hooks\\useGifs.tsx": {"path":"D:\\JuanD\\Documents\\Code\\React\\React De cero a experto\\sec6-gifs-app\\src\\gifs\\hooks\\useGifs.tsx","statementMap":{"0":{"start":{"line":7,"column":23},"end":{"line":59,"column":null}},"1":{"start":{"line":8,"column":25},"end":{"line":8,"column":null}},"2":{"start":{"line":9,"column":43},"end":{"line":9,"column":null}},"3":{"start":{"line":11,"column":10},"end":{"line":11,"column":null}},"4":{"start":{"line":13,"column":30},"end":{"line":24,"column":null}},"5":{"start":{"line":14,"column":8},"end":{"line":14,"column":null}},"6":{"start":{"line":16,"column":8},"end":{"line":19,"column":null}},"7":{"start":{"line":17,"column":12},"end":{"line":17,"column":null}},"8":{"start":{"line":18,"column":12},"end":{"line":18,"column":null}},"9":{"start":{"line":21,"column":21},"end":{"line":21,"column":null}},"10":{"start":{"line":22,"column":8},"end":{"line":22,"column":null}},"11":{"start":{"line":23,"column":8},"end":{"line":23,"column":null}},"12":{"start":{"line":26,"column":25},"end":{"line":47,"column":null}},"13":{"start":{"line":27,"column":8},"end":{"line":27,"column":null}},"14":{"start":{"line":28,"column":8},"end":{"line":28,"column":null}},"15":{"start":{"line":30,"column":8},"end":{"line":32,"column":null}},"16":{"start":{"line":31,"column":12},"end":{"line":31,"column":null}},"17":{"start":{"line":34,"column":8},"end":{"line":36,"column":null}},"18":{"start":{"line":35,"column":12},"end":{"line":35,"column":null}},"19":{"start":{"line":38,"column":8},"end":{"line":38,"column":null}},"20":{"start":{"line":39,"column":21},"end":{"line":39,"column":null}},"21":{"start":{"line":42,"column":8},"end":{"line":42,"column":null}},"22":{"start":{"line":44,"column":8},"end":{"line":44,"column":null}},"23":{"start":{"line":50,"column":4},"end":{"line":58,"column":null}}},"fnMap":{"0":{"name":"(anonymous_0)","decl":{"start":{"line":7,"column":23},"end":{"line":7,"column":null}},"loc":{"start":{"line":7,"column":23},"end":{"line":59,"column":null}},"line":7},"1":{"name":"(anonymous_1)","decl":{"start":{"line":13,"column":30},"end":{"line":13,"column":37}},"loc":{"start":{"line":13,"column":37},"end":{"line":24,"column":null}},"line":13},"2":{"name":"(anonymous_2)","decl":{"start":{"line":26,"column":25},"end":{"line":26,"column":32}},"loc":{"start":{"line":26,"column":50},"end":{"line":47,"column":null}},"line":26}},"branchMap":{"0":{"loc":{"start":{"line":16,"column":8},"end":{"line":19,"column":null}},"type":"if","locations":[{"start":{"line":16,"column":8},"end":{"line":19,"column":null}},{"start":{},"end":{}}],"line":16},"1":{"loc":{"start":{"line":26,"column":32},"end":{"line":26,"column":50}},"type":"default-arg","locations":[{"start":{"line":26,"column":48},"end":{"line":26,"column":50}}],"line":26},"2":{"loc":{"start":{"line":30,"column":8},"end":{"line":32,"column":null}},"type":"if","locations":[{"start":{"line":30,"column":8},"end":{"line":32,"column":null}},{"start":{},"end":{}}],"line":30},"3":{"loc":{"start":{"line":34,"column":8},"end":{"line":36,"column":null}},"type":"if","locations":[{"start":{"line":34,"column":8},"end":{"line":36,"column":null}},{"start":{},"end":{}}],"line":34}},"s":{"0":2,"1":19,"2":19,"3":19,"4":19,"5":3,"6":3,"7":1,"8":1,"9":2,"10":2,"11":2,"12":19,"13":10,"14":10,"15":10,"16":0,"17":10,"18":0,"19":10,"20":10,"21":10,"22":10,"23":19},"f":{"0":19,"1":3,"2":10},"b":{"0":[1,2],"1":[10],"2":[0,10],"3":[0,10]},"meta":{"lastBranch":4,"lastFunction":3,"lastStatement":24,"seen":{"s:7:23:59:Infinity":0,"f:7:23:7:Infinity":0,"s:8:25:8:Infinity":1,"s:9:43:9:Infinity":2,"s:11:10:11:Infinity":3,"s:13:30:24:Infinity":4,"f:13:30:13:37":1,"s:14:8:14:Infinity":5,"b:16:8:19:Infinity:undefined:undefined:undefined:undefined":0,"s:16:8:19:Infinity":6,"s:17:12:17:Infinity":7,"s:18:12:18:Infinity":8,"s:21:21:21:Infinity":9,"s:22:8:22:Infinity":10,"s:23:8:23:Infinity":11,"s:26:25:47:Infinity":12,"f:26:25:26:32":2,"b:26:48:26:50":1,"s:27:8:27:Infinity":13,"s:28:8:28:Infinity":14,"b:30:8:32:Infinity:undefined:undefined:undefined:undefined":2,"s:30:8:32:Infinity":15,"s:31:12:31:Infinity":16,"b:34:8:36:Infinity:undefined:undefined:undefined:undefined":3,"s:34:8:36:Infinity":17,"s:35:12:35:Infinity":18,"s:38:8:38:Infinity":19,"s:39:21:39:Infinity":20,"s:42:8:42:Infinity":21,"s:44:8:44:Infinity":22,"s:50:4:58:Infinity":23}}}
,"D:\\JuanD\\Documents\\Code\\React\\React De cero a experto\\sec6-gifs-app\\src\\shared\\components\\CustomHeader.tsx": {"path":"D:\\JuanD\\Documents\\Code\\React\\React De cero a experto\\sec6-gifs-app\\src\\shared\\components\\CustomHeader.tsx","statementMap":{"0":{"start":{"line":7,"column":28},"end":{"line":16,"column":null}},"1":{"start":{"line":8,"column":4},"end":{"line":12,"column":null}}},"fnMap":{"0":{"name":"(anonymous_0)","decl":{"start":{"line":7,"column":28},"end":{"line":7,"column":29}},"loc":{"start":{"line":7,"column":58},"end":{"line":16,"column":null}},"line":7}},"branchMap":{"0":{"loc":{"start":{"line":12,"column":16},"end":{"line":12,"column":null}},"type":"binary-expr","locations":[{"start":{"line":12,"column":16},"end":{"line":12,"column":31}},{"start":{"line":12,"column":16},"end":{"line":12,"column":null}}],"line":12}},"s":{"0":2,"1":4},"f":{"0":4},"b":{"0":[4,2]},"meta":{"lastBranch":1,"lastFunction":1,"lastStatement":2,"seen":{"s:7:28:16:Infinity":0,"f:7:28:7:29":0,"s:8:4:12:Infinity":1,"b:12:16:12:31:12:16:12:Infinity":0}}}
,"D:\\JuanD\\Documents\\Code\\React\\React De cero a experto\\sec6-gifs-app\\src\\shared\\components\\SearchBar.tsx": {"path":"D:\\JuanD\\Documents\\Code\\React\\React De cero a experto\\sec6-gifs-app\\src\\shared\\components\\SearchBar.tsx","statementMap":{"0":{"start":{"line":9,"column":25},"end":{"line":66,"column":null}},"1":{"start":{"line":11,"column":27},"end":{"line":11,"column":null}},"2":{"start":{"line":13,"column":4},"end":{"line":23,"column":27}},"3":{"start":{"line":14,"column":26},"end":{"line":17,"column":null}},"4":{"start":{"line":15,"column":12},"end":{"line":15,"column":null}},"5":{"start":{"line":16,"column":12},"end":{"line":16,"column":null}},"6":{"start":{"line":20,"column":8},"end":{"line":22,"column":null}},"7":{"start":{"line":21,"column":12},"end":{"line":21,"column":null}},"8":{"start":{"line":25,"column":25},"end":{"line":30,"column":null}},"9":{"start":{"line":26,"column":8},"end":{"line":26,"column":null}},"10":{"start":{"line":28,"column":8},"end":{"line":28,"column":null}},"11":{"start":{"line":29,"column":8},"end":{"line":29,"column":null}},"12":{"start":{"line":32,"column":26},"end":{"line":36,"column":null}},"13":{"start":{"line":33,"column":8},"end":{"line":35,"column":null}},"14":{"start":{"line":34,"column":12},"end":{"line":34,"column":null}},"15":{"start":{"line":38,"column":25},"end":{"line":51,"column":null}},"16":{"start":{"line":39,"column":8},"end":{"line":39,"column":null}},"17":{"start":{"line":41,"column":8},"end":{"line":50,"column":null}},"18":{"start":{"line":42,"column":12},"end":{"line":42,"column":null}},"19":{"start":{"line":43,"column":12},"end":{"line":49,"column":null}},"20":{"start":{"line":44,"column":17},"end":{"line":44,"column":null}},"21":{"start":{"line":45,"column":19},"end":{"line":49,"column":null}},"22":{"start":{"line":46,"column":17},"end":{"line":46,"column":null}},"23":{"start":{"line":48,"column":16},"end":{"line":48,"column":null}},"24":{"start":{"line":53,"column":4},"end":{"line":63,"column":null}},"25":{"start":{"line":60,"column":37},"end":{"line":60,"column":null}}},"fnMap":{"0":{"name":"(anonymous_0)","decl":{"start":{"line":9,"column":25},"end":{"line":9,"column":26}},"loc":{"start":{"line":9,"column":94},"end":{"line":66,"column":null}},"line":9},"1":{"name":"(anonymous_1)","decl":{"start":{"line":13,"column":14},"end":{"line":13,"column":null}},"loc":{"start":{"line":13,"column":14},"end":{"line":23,"column":7}},"line":13},"2":{"name":"(anonymous_2)","decl":{"start":{"line":14,"column":37},"end":{"line":14,"column":null}},"loc":{"start":{"line":14,"column":37},"end":{"line":17,"column":11}},"line":14},"3":{"name":"(anonymous_3)","decl":{"start":{"line":20,"column":15},"end":{"line":20,"column":null}},"loc":{"start":{"line":20,"column":15},"end":{"line":22,"column":null}},"line":20},"4":{"name":"(anonymous_4)","decl":{"start":{"line":25,"column":25},"end":{"line":25,"column":null}},"loc":{"start":{"line":25,"column":25},"end":{"line":30,"column":null}},"line":25},"5":{"name":"(anonymous_5)","decl":{"start":{"line":32,"column":26},"end":{"line":32,"column":27}},"loc":{"start":{"line":32,"column":27},"end":{"line":36,"column":null}},"line":32},"6":{"name":"(anonymous_6)","decl":{"start":{"line":38,"column":25},"end":{"line":38,"column":null}},"loc":{"start":{"line":38,"column":25},"end":{"line":51,"column":null}},"line":38},"7":{"name":"(anonymous_7)","decl":{"start":{"line":60,"column":26},"end":{"line":60,"column":27}},"loc":{"start":{"line":60,"column":37},"end":{"line":60,"column":null}},"line":60}},"branchMap":{"0":{"loc":{"start":{"line":9,"column":28},"end":{"line":9,"column":53}},"type":"default-arg","locations":[{"start":{"line":9,"column":42},"end":{"line":9,"column":53}}],"line":9},"1":{"loc":{"start":{"line":9,"column":55},"end":{"line":9,"column":76}},"type":"default-arg","locations":[{"start":{"line":9,"column":68},"end":{"line":9,"column":76}}],"line":9},"2":{"loc":{"start":{"line":33,"column":8},"end":{"line":35,"column":null}},"type":"if","locations":[{"start":{"line":33,"column":8},"end":{"line":35,"column":null}},{"start":{},"end":{}}],"line":33},"3":{"loc":{"start":{"line":41,"column":8},"end":{"line":50,"column":null}},"type":"if","locations":[{"start":{"line":41,"column":8},"end":{"line":50,"column":null}},{"start":{},"end":{}}],"line":41},"4":{"loc":{"start":{"line":43,"column":12},"end":{"line":49,"column":null}},"type":"if","locations":[{"start":{"line":43,"column":12},"end":{"line":49,"column":null}},{"start":{"line":45,"column":19},"end":{"line":49,"column":null}}],"line":43},"5":{"loc":{"start":{"line":45,"column":19},"end":{"line":49,"column":null}},"type":"if","locations":[{"start":{"line":45,"column":19},"end":{"line":49,"column":null}},{"start":{"line":47,"column":19},"end":{"line":49,"column":null}}],"line":45}},"s":{"0":2,"1":9,"2":9,"3":9,"4":1,"5":1,"6":9,"7":9,"8":9,"9":1,"10":1,"11":1,"12":9,"13":0,"14":0,"15":9,"16":2,"17":2,"18":2,"19":2,"20":0,"21":2,"22":0,"23":2,"24":9,"25":2},"f":{"0":9,"1":9,"2":1,"3":9,"4":1,"5":0,"6":2,"7":2},"b":{"0":[9],"1":[9],"2":[0,0],"3":[2,0],"4":[0,2],"5":[0,2]},"meta":{"lastBranch":6,"lastFunction":8,"lastStatement":26,"seen":{"s:9:25:66:Infinity":0,"f:9:25:9:26":0,"b:9:42:9:53":0,"b:9:68:9:76":1,"s:11:27:11:Infinity":1,"s:13:4:23:27":2,"f:13:14:13:Infinity":1,"s:14:26:17:Infinity":3,"f:14:37:14:Infinity":2,"s:15:12:15:Infinity":4,"s:16:12:16:Infinity":5,"s:20:8:22:Infinity":6,"f:20:15:20:Infinity":3,"s:21:12:21:Infinity":7,"s:25:25:30:Infinity":8,"f:25:25:25:Infinity":4,"s:26:8:26:Infinity":9,"s:28:8:28:Infinity":10,"s:29:8:29:Infinity":11,"s:32:26:36:Infinity":12,"f:32:26:32:27":5,"b:33:8:35:Infinity:undefined:undefined:undefined:undefined":2,"s:33:8:35:Infinity":13,"s:34:12:34:Infinity":14,"s:38:25:51:Infinity":15,"f:38:25:38:Infinity":6,"s:39:8:39:Infinity":16,"b:41:8:50:Infinity:undefined:undefined:undefined:undefined":3,"s:41:8:50:Infinity":17,"s:42:12:42:Infinity":18,"b:43:12:49:Infinity:45:19:49:Infinity":4,"s:43:12:49:Infinity":19,"s:44:17:44:Infinity":20,"b:45:19:49:Infinity:47:19:49:Infinity":5,"s:45:19:49:Infinity":21,"s:46:17:46:Infinity":22,"s:48:16:48:Infinity":23,"s:53:4:63:Infinity":24,"f:60:26:60:27":7,"s:60:37:60:Infinity":25}}}
,"D:\\JuanD\\Documents\\Code\\React\\React De cero a experto\\sec6-gifs-app\\test\\mocks\\giphy.response.data.ts": {"path":"D:\\JuanD\\Documents\\Code\\React\\React De cero a experto\\sec6-gifs-app\\test\\mocks\\giphy.response.data.ts","statementMap":{"0":{"start":{"line":2,"column":39},"end":{"line":10729,"column":null}}},"fnMap":{},"branchMap":{},"s":{"0":1},"f":{},"b":{},"meta":{"lastBranch":0,"lastFunction":0,"lastStatement":1,"seen":{"s:2:39:10729:Infinity":0}}}
}
